<?xml version="1.0" encoding="UTF-8"?>
<!-- Generated by org.testng.reporters.JUnitXMLReporter -->
<testsuite ignored="0" hostname="DESKTOP-1I7HGI1" failures="1" tests="4" name="Test" time="85.36" errors="0" timestamp="2024-01-14T16:19:15 IST">
  <testcase classname="package_Test.OneTime_Wallet_payment" name="walletTest" time="35.314"/>
  <testcase classname="package_Test.OneTime_Card_payment" name="cardTest" time="8.751"/>
  <testcase classname="package_Test.OneTime_NetBanking_payment" name="Netbanking" time="8.484"/>
  <testcase classname="package_Test.OneTime_UPI_payment" name="UPITest" time="1.143">
    <failure type="org.openqa.selenium.ElementClickInterceptedException" message="element click intercepted: Element &amp;lt;a onclick=&amp;quot;popupDonation(&amp;apos;top_d&amp;apos;);&amp;quot; href=&amp;quot;javascript:void(0);&amp;quot; class=&amp;quot;btn-donation btn-lg btn-block share-new-size mb-2 trigger_fbFunction&amp;quot; id=&amp;quot;cmp-nfr-top-side-donate &amp;quot; data-slug=&amp;quot;help-global-testing-1&amp;quot; data-event=&amp;quot;AddToCart&amp;quot; data-productid=&amp;quot;381df5a0-e6ab-4b71-ae86-80845e955737&amp;quot;&amp;gt;...&amp;lt;/a&amp;gt; is not clickable at point (964, 468). Other element would receive the click: &amp;lt;div class=&amp;quot;modal fr-modal fade success-popup exit-pop-up show&amp;quot; id=&amp;quot;myModal1&amp;quot; tabindex=&amp;quot;-1&amp;quot; role=&amp;quot;dialog&amp;quot; aria-labelledby=&amp;quot;myModalLabel&amp;quot; aria-modal=&amp;quot;true&amp;quot; style=&amp;quot;padding-right: 17px; display: block;&amp;quot;&amp;gt;...&amp;lt;/div&amp;gt;
  (Session info: chrome=120.0.6099.217)
Build info: version: &amp;apos;4.14.1&amp;apos;, revision: &amp;apos;03f8ede370&amp;apos;
System info: os.name: &amp;apos;Windows 11&amp;apos;, os.arch: &amp;apos;amd64&amp;apos;, os.version: &amp;apos;10.0&amp;apos;, java.version: &amp;apos;17.0.9&amp;apos;
Driver info: org.openqa.selenium.chrome.ChromeDriver
Command: [937c59e377fb9160391ba66936f64160, clickElement {id=5C467B5D8BE6AB41F70679259F284713_element_76}]
Capabilities {acceptInsecureCerts: false, browserName: chrome, browserVersion: 120.0.6099.217, chrome: {chromedriverVersion: 120.0.6099.109 (3419140ab66..., userDataDir: C:\Users\IMPACT~1\AppData\L...}, fedcm:accounts: true, goog:chromeOptions: {debuggerAddress: localhost:61957}, networkConnectionEnabled: false, pageLoadStrategy: normal, platformName: windows, proxy: Proxy(), se:cdp: ws://localhost:61957/devtoo..., se:cdpVersion: 120.0.6099.217, setWindowRect: true, strictFileInteractability: false, timeouts: {implicit: 0, pageLoad: 300000, script: 30000}, unhandledPromptBehavior: dismiss and notify, webauthn:extension:credBlob: true, webauthn:extension:largeBlob: true, webauthn:extension:minPinLength: true, webauthn:extension:prf: true, webauthn:virtualAuthenticators: true}
Element: [[ChromeDriver: chrome on windows (937c59e377fb9160391ba66936f64160)] -&amp;gt; xpath: //a[@id=&amp;apos;cmp-nfr-top-side-donate &amp;apos;]]
Session ID: 937c59e377fb9160391ba66936f64160">
      <![CDATA[org.openqa.selenium.ElementClickInterceptedException: element click intercepted: Element <a onclick="popupDonation('top_d');" href="javascript:void(0);" class="btn-donation btn-lg btn-block share-new-size mb-2 trigger_fbFunction" id="cmp-nfr-top-side-donate " data-slug="help-global-testing-1" data-event="AddToCart" data-productid="381df5a0-e6ab-4b71-ae86-80845e955737">...</a> is not clickable at point (964, 468). Other element would receive the click: <div class="modal fr-modal fade success-popup exit-pop-up show" id="myModal1" tabindex="-1" role="dialog" aria-labelledby="myModalLabel" aria-modal="true" style="padding-right: 17px; display: block;">...</div>
  (Session info: chrome=120.0.6099.217)
Build info: version: '4.14.1', revision: '03f8ede370'
System info: os.name: 'Windows 11', os.arch: 'amd64', os.version: '10.0', java.version: '17.0.9'
Driver info: org.openqa.selenium.chrome.ChromeDriver
Command: [937c59e377fb9160391ba66936f64160, clickElement {id=5C467B5D8BE6AB41F70679259F284713_element_76}]
Capabilities {acceptInsecureCerts: false, browserName: chrome, browserVersion: 120.0.6099.217, chrome: {chromedriverVersion: 120.0.6099.109 (3419140ab66..., userDataDir: C:\Users\IMPACT~1\AppData\L...}, fedcm:accounts: true, goog:chromeOptions: {debuggerAddress: localhost:61957}, networkConnectionEnabled: false, pageLoadStrategy: normal, platformName: windows, proxy: Proxy(), se:cdp: ws://localhost:61957/devtoo..., se:cdpVersion: 120.0.6099.217, setWindowRect: true, strictFileInteractability: false, timeouts: {implicit: 0, pageLoad: 300000, script: 30000}, unhandledPromptBehavior: dismiss and notify, webauthn:extension:credBlob: true, webauthn:extension:largeBlob: true, webauthn:extension:minPinLength: true, webauthn:extension:prf: true, webauthn:virtualAuthenticators: true}
Element: [[ChromeDriver: chrome on windows (937c59e377fb9160391ba66936f64160)] -> xpath: //a[@id='cmp-nfr-top-side-donate ']]
Session ID: 937c59e377fb9160391ba66936f64160
at org.openqa.selenium.remote.codec.w3c.W3CHttpResponseCodec.createException(W3CHttpResponseCodec.java:200)
at org.openqa.selenium.remote.codec.w3c.W3CHttpResponseCodec.decode(W3CHttpResponseCodec.java:133)
at org.openqa.selenium.remote.codec.w3c.W3CHttpResponseCodec.decode(W3CHttpResponseCodec.java:52)
at org.openqa.selenium.remote.HttpCommandExecutor.execute(HttpCommandExecutor.java:191)
at org.openqa.selenium.remote.service.DriverCommandExecutor.invokeExecute(DriverCommandExecutor.java:200)
at org.openqa.selenium.remote.service.DriverCommandExecutor.execute(DriverCommandExecutor.java:175)
at org.openqa.selenium.remote.RemoteWebDriver.execute(RemoteWebDriver.java:602)
at org.openqa.selenium.remote.RemoteWebElement.execute(RemoteWebElement.java:224)
at org.openqa.selenium.remote.RemoteWebElement.click(RemoteWebElement.java:77)
at org.openqa.selenium.support.pagefactory.internal.LocatingElementHandler.invoke(LocatingElementHandler.java:51)
at jdk.proxy2/jdk.proxy2.$Proxy13.click(Unknown Source)
at package_POM.POM_Class_Donate_page_OneTime.DonateNow(POM_Class_Donate_page_OneTime.java:22)
at package_Test.OneTime_UPI_payment.UPITest(OneTime_UPI_payment.java:17)
at java.base/java.util.ArrayList.forEach(ArrayList.java:1511)
... Removed 36 stack frames]]>
    </failure>
  </testcase> <!-- UPITest -->
</testsuite> <!-- Test -->
